# JRE version: Java(TM) SE Runtime Environment (8.0_131-b11) (build 1.8.0_131-b11)
# Java VM: Java HotSpot(TM) 64-Bit Server VM (25.131-b11 mixed mode windows-amd64 compressed oops)
Heap:
 PSYoungGen      total 439808K, used 153693K [0x00000000e0000000, 0x00000000fff00000, 0x0000000100000000)
  eden space 355328K, 30% used [0x00000000e0000000,0x00000000e692f5f0,0x00000000f5b00000)
  from space 84480K, 54% used [0x00000000f5b00000,0x00000000f87e80b8,0x00000000fad80000)
  to   space 81408K, 0% used [0x00000000faf80000,0x00000000faf80000,0x00000000fff00000)
 ParOldGen       total 204288K, used 137838K [0x00000000a0000000, 0x00000000ac780000, 0x00000000e0000000)
  object space 204288K, 67% used [0x00000000a0000000,0x00000000a869bb48,0x00000000ac780000)
 Metaspace       used 176938K, capacity 188627K, committed 189056K, reserved 1214464K
  class space    used 22269K, capacity 24192K, committed 24448K, reserved 1048576K
GC Heap History (10 events):
Event: 34992.063 GC heap before
{Heap before GC invocations=118 (full 5):
 PSYoungGen      total 445952K, used 422192K [0x00000000e0000000, 0x0000000100000000, 0x0000000100000000)
  eden space 370688K, 100% used [0x00000000e0000000,0x00000000f6a00000,0x00000000f6a00000)
  from space 75264K, 68% used [0x00000000fb680000,0x00000000fe8cc140,0x0000000100000000)
  to   space 76800K, 0% used [0x00000000f6a00000,0x00000000f6a00000,0x00000000fb500000)
 ParOldGen       total 204288K, used 137814K [0x00000000a0000000, 0x00000000ac780000, 0x00000000e0000000)
  object space 204288K, 67% used [0x00000000a0000000,0x00000000a8695b48,0x00000000ac780000)
 Metaspace       used 176652K, capacity 188165K, committed 188544K, reserved 1214464K
  class space    used 22250K, capacity 24159K, committed 24448K, reserved 1048576K
Event: 34992.170 GC heap after
Heap after GC invocations=118 (full 5):
 PSYoungGen      total 447488K, used 47431K [0x00000000e0000000, 0x0000000100000000, 0x0000000100000000)
  eden space 370688K, 0% used [0x00000000e0000000,0x00000000e0000000,0x00000000f6a00000)
  from space 76800K, 61% used [0x00000000f6a00000,0x00000000f9851f00,0x00000000fb500000)
  to   space 76800K, 0% used [0x00000000fb500000,0x00000000fb500000,0x0000000100000000)
 ParOldGen       total 204288K, used 137822K [0x00000000a0000000, 0x00000000ac780000, 0x00000000e0000000)
  object space 204288K, 67% used [0x00000000a0000000,0x00000000a8697b48,0x00000000ac780000)
 Metaspace       used 176652K, capacity 188165K, committed 188544K, reserved 1214464K
  class space    used 22250K, capacity 24159K, committed 24448K, reserved 1048576K
}
Event: 35085.793 GC heap before
{Heap before GC invocations=119 (full 5):
 PSYoungGen      total 447488K, used 418119K [0x00000000e0000000, 0x0000000100000000, 0x0000000100000000)
  eden space 370688K, 100% used [0x00000000e0000000,0x00000000f6a00000,0x00000000f6a00000)
  from space 76800K, 61% used [0x00000000f6a00000,0x00000000f9851f00,0x00000000fb500000)
  to   space 76800K, 0% used [0x00000000fb500000,0x00000000fb500000,0x0000000100000000)
 ParOldGen       total 204288K, used 137822K [0x00000000a0000000, 0x00000000ac780000, 0x00000000e0000000)
  object space 204288K, 67% used [0x00000000a0000000,0x00000000a8697b48,0x00000000ac780000)
 Metaspace       used 176755K, capacity 188423K, committed 188800K, reserved 1214464K
  class space    used 22268K, capacity 24190K, committed 24448K, reserved 1048576K
Event: 35085.863 GC heap after
Heap after GC invocations=119 (full 5):
 PSYoungGen      total 446464K, used 47886K [0x00000000e0000000, 0x00000000fff00000, 0x0000000100000000)
  eden space 370688K, 0% used [0x00000000e0000000,0x00000000e0000000,0x00000000f6a00000)
  from space 75776K, 63% used [0x00000000fb500000,0x00000000fe3c3a70,0x00000000fff00000)
  to   space 76288K, 0% used [0x00000000f6a00000,0x00000000f6a00000,0x00000000fb480000)
 ParOldGen       total 204288K, used 137830K [0x00000000a0000000, 0x00000000ac780000, 0x00000000e0000000)
  object space 204288K, 67% used [0x00000000a0000000,0x00000000a8699b48,0x00000000ac780000)
 Metaspace       used 176755K, capacity 188423K, committed 188800K, reserved 1214464K
  class space    used 22268K, capacity 24190K, committed 24448K, reserved 1048576K
}
Event: 35556.595 GC heap before
{Heap before GC invocations=120 (full 5):
 PSYoungGen      total 446464K, used 418574K [0x00000000e0000000, 0x00000000fff00000, 0x0000000100000000)
  eden space 370688K, 100% used [0x00000000e0000000,0x00000000f6a00000,0x00000000f6a00000)
  from space 75776K, 63% used [0x00000000fb500000,0x00000000fe3c3a70,0x00000000fff00000)
  to   space 76288K, 0% used [0x00000000f6a00000,0x00000000f6a00000,0x00000000fb480000)
 ParOldGen       total 204288K, used 137830K [0x00000000a0000000, 0x00000000ac780000, 0x00000000e0000000)
  object space 204288K, 67% used [0x00000000a0000000,0x00000000a8699b48,0x00000000ac780000)
 Metaspace       used 176780K, capacity 188493K, committed 188800K, reserved 1214464K
  class space    used 22269K, capacity 24191K, committed 24448K, reserved 1048576K
Event: 35556.701 GC heap after
Heap after GC invocations=120 (full 5):
 PSYoungGen      total 429056K, used 58219K [0x00000000e0000000, 0x0000000100000000, 0x0000000100000000)
  eden space 370688K, 0% used [0x00000000e0000000,0x00000000e0000000,0x00000000f6a00000)
  from space 58368K, 99% used [0x00000000f6a00000,0x00000000fa2dafe0,0x00000000fa300000)
  to   space 79360K, 0% used [0x00000000fb280000,0x00000000fb280000,0x0000000100000000)
 ParOldGen       total 204288K, used 137838K [0x00000000a0000000, 0x00000000ac780000, 0x00000000e0000000)
  object space 204288K, 67% used [0x00000000a0000000,0x00000000a869bb48,0x00000000ac780000)
 Metaspace       used 176780K, capacity 188493K, committed 188800K, reserved 1214464K
  class space    used 22269K, capacity 24191K, committed 24448K, reserved 1048576K
}
Event: 36090.100 GC heap before
{Heap before GC invocations=121 (full 5):
 PSYoungGen      total 429056K, used 428907K [0x00000000e0000000, 0x0000000100000000, 0x0000000100000000)
  eden space 370688K, 100% used [0x00000000e0000000,0x00000000f6a00000,0x00000000f6a00000)
  from space 58368K, 99% used [0x00000000f6a00000,0x00000000fa2dafe0,0x00000000fa300000)
  to   space 79360K, 0% used [0x00000000fb280000,0x00000000fb280000,0x0000000100000000)
 ParOldGen       total 204288K, used 137838K [0x00000000a0000000, 0x00000000ac780000, 0x00000000e0000000)
  object space 204288K, 67% used [0x00000000a0000000,0x00000000a869bb48,0x00000000ac780000)
 Metaspace       used 176832K, capacity 188563K, committed 189056K, reserved 1214464K
  class space    used 22269K, capacity 24192K, committed 24448K, reserved 1048576K
Event: 36090.248 GC heap after
Heap after GC invocations=121 (full 5):
 PSYoungGen      total 434688K, used 65234K [0x00000000e0000000, 0x0000000100000000, 0x0000000100000000)
  eden space 355328K, 0% used [0x00000000e0000000,0x00000000e0000000,0x00000000f5b00000)
  from space 79360K, 82% used [0x00000000fb280000,0x00000000ff234a80,0x0000000100000000)
  to   space 84480K, 0% used [0x00000000f5b00000,0x00000000f5b00000,0x00000000fad80000)
 ParOldGen       total 204288K, used 137838K [0x00000000a0000000, 0x00000000ac780000, 0x00000000e0000000)
  object space 204288K, 67% used [0x00000000a0000000,0x00000000a869bb48,0x00000000ac780000)
 Metaspace       used 176832K, capacity 188563K, committed 189056K, reserved 1214464K
  class space    used 22269K, capacity 24192K, committed 24448K, reserved 1048576K
}
Event: 40132.030 GC heap before
{Heap before GC invocations=122 (full 5):
 PSYoungGen      total 434688K, used 420562K [0x00000000e0000000, 0x0000000100000000, 0x0000000100000000)
  eden space 355328K, 100% used [0x00000000e0000000,0x00000000f5b00000,0x00000000f5b00000)
  from space 79360K, 82% used [0x00000000fb280000,0x00000000ff234a80,0x0000000100000000)
  to   space 84480K, 0% used [0x00000000f5b00000,0x00000000f5b00000,0x00000000fad80000)
 ParOldGen       total 204288K, used 137838K [0x00000000a0000000, 0x00000000ac780000, 0x00000000e0000000)
  object space 204288K, 67% used [0x00000000a0000000,0x00000000a869bb48,0x00000000ac780000)
 Metaspace       used 176868K, capacity 188563K, committed 189056K, reserved 1214464K
  class space    used 22269K, capacity 24192K, committed 24448K, reserved 1048576K
Event: 40132.600 GC heap after
Heap after GC invocations=122 (full 5):
 PSYoungGen      total 439808K, used 45984K [0x00000000e0000000, 0x00000000fff00000, 0x0000000100000000)
  eden space 355328K, 0% used [0x00000000e0000000,0x00000000e0000000,0x00000000f5b00000)
  from space 84480K, 54% used [0x00000000f5b00000,0x00000000f87e80b8,0x00000000fad80000)
  to   space 81408K, 0% used [0x00000000faf80000,0x00000000faf80000,0x00000000fff00000)
 ParOldGen       total 204288K, used 137838K [0x00000000a0000000, 0x00000000ac780000, 0x00000000e0000000)
  object space 204288K, 67% used [0x00000000a0000000,0x00000000a869bb48,0x00000000ac780000)
 Metaspace       used 176868K, capacity 188563K, committed 189056K, reserved 1214464K
  class space    used 22269K, capacity 24192K, committed 24448K, reserved 1048576K
}

